<?xml version="1.0" encoding="UTF-8"?>
<robot generator="Robot 4.0.1 (Python 3.9.2 on win32)" generated="20210418 21:16:25.254" rpa="false" schemaversion="2">
<suite id="s1" name="SampleEcommerce" source="C:\Users\kalmazan\PycharmProjects\Robot-Project\tests\SampleEcommerce.robot">
<test id="s1-t1" name="Sign In Scenario">
<kw name="Start Web Test" library="Common" type="SETUP">
<kw name="Open Browser" library="SeleniumLibrary">
<arg>about:blank</arg>
<arg>${BROWSER}</arg>
<doc>Opens a new browser instance to the optional ``url``.</doc>
<msg timestamp="20210418 21:16:25.675" level="INFO">Opening browser 'ff' to base url 'about:blank'.</msg>
<msg timestamp="20210418 21:16:25.679" level="INFO">Firefox driver log is always forced to to: C:\Users\kalmazan\PycharmProjects\Robot-Project\results\geckodriver-71.log</msg>
<status status="PASS" starttime="20210418 21:16:25.675" endtime="20210418 21:16:33.402"/>
</kw>
<status status="PASS" starttime="20210418 21:16:25.675" endtime="20210418 21:16:33.403"/>
</kw>
<kw name="Open Website" library="UserTasks">
<kw name="Load Page" library="LandingPage">
<kw name="Go To" library="SeleniumLibrary">
<arg>${URL}</arg>
<doc>Navigates the current browser window to the provided ``url``.</doc>
<msg timestamp="20210418 21:16:33.404" level="INFO">Opening url 'http://automationpractice.com/'</msg>
<status status="PASS" starttime="20210418 21:16:33.404" endtime="20210418 21:16:43.822"/>
</kw>
<kw name="Sleep" library="BuiltIn">
<arg>3s</arg>
<doc>Pauses the test executed for the given time.</doc>
<msg timestamp="20210418 21:16:46.844" level="INFO">Slept 3 seconds</msg>
<status status="PASS" starttime="20210418 21:16:43.822" endtime="20210418 21:16:46.844"/>
</kw>
<status status="PASS" starttime="20210418 21:16:33.404" endtime="20210418 21:16:46.844"/>
</kw>
<status status="PASS" starttime="20210418 21:16:33.403" endtime="20210418 21:16:46.844"/>
</kw>
<kw name="Click Sign In" library="UserTasks">
<kw name="Sign in" library="LandingPage">
<kw name="Get WebElement" library="SeleniumLibrary">
<var>${ele}</var>
<arg>xpath=//*[@class='login']</arg>
<doc>Returns the first WebElement matching the given ``locator``.</doc>
<msg timestamp="20210418 21:16:46.863" level="INFO">${ele} = &lt;selenium.webdriver.firefox.webelement.FirefoxWebElement (session="3f3d3726-c4c8-4bee-854e-7b0bdfc8f369", element="b3328932-d085-41ee-b2a4-363055678ae7")&gt;</msg>
<status status="PASS" starttime="20210418 21:16:46.845" endtime="20210418 21:16:46.863"/>
</kw>
<kw name="Execute Javascript" library="SeleniumLibrary">
<arg>arguments[0].click();</arg>
<arg>ARGUMENTS</arg>
<arg>${ele}</arg>
<doc>Executes the given JavaScript code with possible arguments.</doc>
<msg timestamp="20210418 21:16:46.864" level="INFO">Executing JavaScript:
arguments[0].click();
By using argument:
'&lt;selenium.webdriver.firefox.webelement.FirefoxWebElement (session="3f3d3726-c4c8-4bee-854e-7b0bdfc8f369", element="b3328932-d085-41ee-b2a4-363055678ae7")&gt;'</msg>
<status status="PASS" starttime="20210418 21:16:46.864" endtime="20210418 21:16:46.891"/>
</kw>
<kw name="Sleep" library="BuiltIn">
<arg>5s</arg>
<doc>Pauses the test executed for the given time.</doc>
<msg timestamp="20210418 21:16:51.892" level="INFO">Slept 5 seconds</msg>
<status status="PASS" starttime="20210418 21:16:46.892" endtime="20210418 21:16:51.892"/>
</kw>
<status status="PASS" starttime="20210418 21:16:46.845" endtime="20210418 21:16:51.892"/>
</kw>
<status status="PASS" starttime="20210418 21:16:46.845" endtime="20210418 21:16:51.892"/>
</kw>
<kw name="Logging your account" library="UserTasks">
<kw name="Input Email Address" library="AuthenticationPage">
<kw name="Input Text" library="SeleniumLibrary">
<arg>id=email</arg>
<arg>${EMAIL}</arg>
<doc>Types the given ``text`` into the text field identified by ``locator``.</doc>
<msg timestamp="20210418 21:16:51.894" level="INFO">Typing text 'testordermyass@yopmail.com' into text field 'id=email'.</msg>
<status status="PASS" starttime="20210418 21:16:51.894" endtime="20210418 21:16:52.008"/>
</kw>
<status status="PASS" starttime="20210418 21:16:51.893" endtime="20210418 21:16:52.008"/>
</kw>
<kw name="Input Password" library="AuthenticationPage">
<kw name="Input Text" library="SeleniumLibrary">
<arg>id=passwd</arg>
<arg>${PWORD}</arg>
<doc>Types the given ``text`` into the text field identified by ``locator``.</doc>
<msg timestamp="20210418 21:16:52.010" level="INFO">Typing text 'test123' into text field 'id=passwd'.</msg>
<status status="PASS" starttime="20210418 21:16:52.009" endtime="20210418 21:16:52.071"/>
</kw>
<status status="PASS" starttime="20210418 21:16:52.009" endtime="20210418 21:16:52.071"/>
</kw>
<kw name="Click Submit" library="AuthenticationPage">
<kw name="Click Button" library="SeleniumLibrary">
<arg>id=SubmitLogin</arg>
<doc>Clicks the button identified by ``locator``.</doc>
<msg timestamp="20210418 21:16:52.073" level="INFO">Clicking button 'id=SubmitLogin'.</msg>
<status status="PASS" starttime="20210418 21:16:52.073" endtime="20210418 21:16:54.835"/>
</kw>
<status status="PASS" starttime="20210418 21:16:52.072" endtime="20210418 21:16:54.835"/>
</kw>
<status status="PASS" starttime="20210418 21:16:51.893" endtime="20210418 21:16:54.835"/>
</kw>
<doc>Authentication Scenario</doc>
<tag>SignIn</tag>
<status status="PASS" starttime="20210418 21:16:25.673" endtime="20210418 21:16:54.835"/>
</test>
<doc>New Robot Framework Project</doc>
<status status="PASS" starttime="20210418 21:16:25.257" endtime="20210418 21:16:54.838"/>
</suite>
<statistics>
<total>
<stat pass="1" fail="0" skip="0">All Tests</stat>
</total>
<tag>
<stat pass="1" fail="0" skip="0">SignIn</stat>
</tag>
<suite>
<stat pass="1" fail="0" skip="0" id="s1" name="SampleEcommerce">SampleEcommerce</stat>
</suite>
</statistics>
<errors>
</errors>
</robot>
